<?xml version="1.0" encoding="UTF-8"?>
<!-- Generated by org.testng.reporters.JUnitXMLReporter -->
<testsuite ignored="0" hostname="DESKTOP-D4ST8IS" failures="0" tests="6" name="ieTest" time="6.049" errors="0" timestamp="2023-09-11T14:07:28 IST">
  <testcase classname="com.Flipkart.TestCases.FacebookLogin_001" name="@BeforeMethod openBro" time="4.407">
    <failure type="org.openqa.selenium.SessionNotCreatedException" message="Could not start a new session. Response code 500. Message: session not created: This version of MSEdgeDriver only supports MSEdge version 94
Current browser version is 116.0.1938.76 with binary path C:\Program Files (x86)\Microsoft\Edge\Application\msedge.exe 
Host info: host: &amp;apos;DESKTOP-D4ST8IS&amp;apos;, ip: &amp;apos;192.168.101.74&amp;apos;
Build info: version: &amp;apos;4.11.0&amp;apos;, revision: &amp;apos;040bc5406b&amp;apos;
System info: os.name: &amp;apos;Windows 10&amp;apos;, os.arch: &amp;apos;amd64&amp;apos;, os.version: &amp;apos;10.0&amp;apos;, java.version: &amp;apos;17.0.6&amp;apos;
Driver info: org.openqa.selenium.edge.EdgeDriver
Command: [null, newSession {capabilities=[Capabilities {browserName: MicrosoftEdge, ms:edgeOptions: {args: [--remote-allow-origins=*], extensions: []}}]}]">
      <![CDATA[org.openqa.selenium.SessionNotCreatedException: Could not start a new session. Response code 500. Message: session not created: This version of MSEdgeDriver only supports MSEdge version 94
Current browser version is 116.0.1938.76 with binary path C:\Program Files (x86)\Microsoft\Edge\Application\msedge.exe 
Host info: host: 'DESKTOP-D4ST8IS', ip: '192.168.101.74'
Build info: version: '4.11.0', revision: '040bc5406b'
System info: os.name: 'Windows 10', os.arch: 'amd64', os.version: '10.0', java.version: '17.0.6'
Driver info: org.openqa.selenium.edge.EdgeDriver
Command: [null, newSession {capabilities=[Capabilities {browserName: MicrosoftEdge, ms:edgeOptions: {args: [--remote-allow-origins=*], extensions: []}}]}]
at org.openqa.selenium.remote.ProtocolHandshake.createSession(ProtocolHandshake.java:140)
at org.openqa.selenium.remote.ProtocolHandshake.createSession(ProtocolHandshake.java:96)
at org.openqa.selenium.remote.ProtocolHandshake.createSession(ProtocolHandshake.java:68)
at org.openqa.selenium.remote.HttpCommandExecutor.execute(HttpCommandExecutor.java:163)
at org.openqa.selenium.remote.service.DriverCommandExecutor.invokeExecute(DriverCommandExecutor.java:196)
at org.openqa.selenium.remote.service.DriverCommandExecutor.execute(DriverCommandExecutor.java:171)
at org.openqa.selenium.remote.RemoteWebDriver.execute(RemoteWebDriver.java:518)
at org.openqa.selenium.remote.RemoteWebDriver.startSession(RemoteWebDriver.java:232)
at org.openqa.selenium.remote.RemoteWebDriver.<init>(RemoteWebDriver.java:159)
at org.openqa.selenium.chromium.ChromiumDriver.<init>(ChromiumDriver.java:108)
at org.openqa.selenium.edge.EdgeDriver.<init>(EdgeDriver.java:60)
at org.openqa.selenium.edge.EdgeDriver.<init>(EdgeDriver.java:56)
at org.openqa.selenium.edge.EdgeDriver.<init>(EdgeDriver.java:48)
at org.openqa.selenium.edge.EdgeDriver.<init>(EdgeDriver.java:44)
at com.Flipkart.TestCases.FacebookLogin_001.openBro(FacebookLogin_001.java:48)
at java.base/java.util.ArrayList.forEach(ArrayList.java:1511)
... Removed 31 stack frames]]>
    </failure>
  </testcase> <!-- @BeforeMethod openBro -->
  <testcase classname="com.Flipkart.TestCases.FacebookLogin_001" name="@AfterMethod closeBr" time="0.0">
    <skipped/>
  </testcase> <!-- @AfterMethod closeBr -->
  <testcase classname="com.Flipkart.TestCases.FacebookLogin_001" name="@BeforeMethod openBro" time="0.0">
    <skipped/>
  </testcase> <!-- @BeforeMethod openBro -->
  <testcase classname="com.Flipkart.TestCases.FacebookLogin_001" name="@AfterMethod closeBr" time="0.0">
    <skipped/>
  </testcase> <!-- @AfterMethod closeBr -->
  <testcase classname="com.Flipkart.TestCases.FacebookLogin_001" name="@BeforeMethod openBro" time="0.0">
    <skipped/>
  </testcase> <!-- @BeforeMethod openBro -->
  <testcase classname="com.Flipkart.TestCases.FacebookLogin_001" name="@AfterMethod closeBr" time="0.0">
    <skipped/>
  </testcase> <!-- @AfterMethod closeBr -->
  <testcase classname="com.Flipkart.TestCases.FacebookLogin_001" name="@BeforeMethod openBro" time="0.0">
    <skipped/>
  </testcase> <!-- @BeforeMethod openBro -->
  <testcase classname="com.Flipkart.TestCases.FacebookLogin_001" name="@AfterMethod closeBr" time="0.0">
    <skipped/>
  </testcase> <!-- @AfterMethod closeBr -->
  <testcase classname="com.Flipkart.TestCases.FacebookLogin_001" name="@BeforeMethod openBro" time="0.0">
    <skipped/>
  </testcase> <!-- @BeforeMethod openBro -->
  <testcase classname="com.Flipkart.TestCases.FacebookLogin_001" name="@AfterMethod closeBr" time="0.0">
    <skipped/>
  </testcase> <!-- @AfterMethod closeBr -->
  <testcase classname="com.Flipkart.TestCases.FacebookLogin_001" name="@BeforeMethod openBro" time="0.0">
    <skipped/>
  </testcase> <!-- @BeforeMethod openBro -->
  <testcase classname="com.Flipkart.TestCases.FacebookLogin_001" name="@AfterMethod closeBr" time="0.0">
    <skipped/>
  </testcase> <!-- @AfterMethod closeBr -->
  <testcase classname="com.Flipkart.TestCases.FacebookLogin_001" name="browserOpen" time="0.0">
    <skipped/>
  </testcase> <!-- browserOpen -->
  <testcase classname="com.Flipkart.TestCases.FacebookLogin_001" name="browserOpen" time="0.0">
    <skipped/>
  </testcase> <!-- browserOpen -->
  <testcase classname="com.Flipkart.TestCases.FacebookLogin_001" name="browserOpen" time="0.0">
    <skipped/>
  </testcase> <!-- browserOpen -->
  <testcase classname="com.Flipkart.TestCases.FacebookLogin_001" name="browserOpen" time="0.001">
    <skipped/>
  </testcase> <!-- browserOpen -->
  <testcase classname="com.Flipkart.TestCases.FacebookLogin_001" name="browserOpen" time="0.0">
    <skipped/>
  </testcase> <!-- browserOpen -->
  <testcase classname="com.Flipkart.TestCases.FacebookLogin_001" name="browserOpen" time="0.0">
    <skipped/>
  </testcase> <!-- browserOpen -->
</testsuite> <!-- ieTest -->
